<?xml version="1.0" encoding="UTF-8"?>
<testng-results ignored="5" total="6" passed="1" failed="0" skipped="0">
  <reporter-output>
  </reporter-output>
  <suite started-at="2021-01-03T20:26:08 IST" name="Default suite" finished-at="2021-01-03T20:26:48 IST" duration-ms="39821">
    <groups>
    </groups>
    <test started-at="2021-01-03T20:26:08 IST" name="Default test" finished-at="2021-01-03T20:26:48 IST" duration-ms="39821">
      <class name="com.lennoxpros.qa.pageTest.loginPageTest">
        <test-method is-config="true" signature="setUp()[pri:0, instance:com.lennoxpros.qa.pageTest.loginPageTest@34f5090e]" started-at="2021-01-03T20:26:08 IST" name="setUp" finished-at="2021-01-03T20:26:31 IST" duration-ms="22562" status="PASS">
          <reporter-output>
          </reporter-output>
        </test-method> <!-- setUp -->
        <test-method signature="buildProposal()[pri:6, instance:com.lennoxpros.qa.pageTest.loginPageTest@34f5090e]" started-at="2021-01-03T20:26:31 IST" name="buildProposal" finished-at="2021-01-03T20:26:48 IST" duration-ms="17198" status="PASS">
          <reporter-output>
          </reporter-output>
        </test-method> <!-- buildProposal -->
      </class> <!-- com.lennoxpros.qa.pageTest.loginPageTest -->
    </test> <!-- Default test -->
  </suite> <!-- Default suite -->
</testng-results>
