<?xml version="1.0" encoding="UTF-8"?>
<!-- Generated by org.testng.reporters.JUnitXMLReporter -->
<testsuite ignored="5" hostname="DESKTOP-MC2K317" failures="0" tests="1" name="Default test" time="39.821" errors="0" timestamp="2021-01-03T20:26:48 IST">
  <testcase classname="com.lennoxpros.qa.pageTest.loginPageTest" name="buildProposal" time="17.198"/>
  <testcase classname="com.lennoxpros.qa.pageTest.loginPageTest" name="login" time="0.0">
    <ignored/>
  </testcase> <!-- login -->
  <testcase classname="com.lennoxpros.qa.pageTest.loginPageTest" name="username" time="0.0">
    <ignored/>
  </testcase> <!-- username -->
  <testcase classname="com.lennoxpros.qa.pageTest.loginPageTest" name="lennoximage" time="0.0">
    <ignored/>
  </testcase> <!-- lennoximage -->
  <testcase classname="com.lennoxpros.qa.pageTest.loginPageTest" name="menuButton" time="0.0">
    <ignored/>
  </testcase> <!-- menuButton -->
  <testcase classname="com.lennoxpros.qa.pageTest.loginPageTest" name="salesTool" time="0.0">
    <ignored/>
  </testcase> <!-- salesTool -->
</testsuite> <!-- Default test -->
